This is pdfTeX, Version 3.141592653-2.6-1.40.25 (TeX Live 2023) (preloaded format=pdflatex 2023.8.24)  8 SEP 2023 12:40
entering extended mode
 restricted \write18 enabled.
 %&-line parsing enabled.
**main.tex
(./main.tex
LaTeX2e <2022-11-01> patch level 1
L3 programming layer <2023-02-22>
(/usr/local/texlive/2023/texmf-dist/tex/latex/base/report.cls
Document Class: report 2022/07/02 v1.4n Standard LaTeX document class
(/usr/local/texlive/2023/texmf-dist/tex/latex/base/size12.clo
File: size12.clo 2022/07/02 v1.4n Standard LaTeX file (size option)
)
\c@part=\count185
\c@chapter=\count186
\c@section=\count187
\c@subsection=\count188
\c@subsubsection=\count189
\c@paragraph=\count190
\c@subparagraph=\count191
\c@figure=\count192
\c@table=\count193
\abovecaptionskip=\skip48
\belowcaptionskip=\skip49
\bibindent=\dimen140
)
(./PreambelicalFluff.tex
(/usr/local/texlive/2023/texmf-dist/tex/latex/base/inputenc.sty
Package: inputenc 2021/02/14 v1.3d Input encoding file
\inpenc@prehook=\toks16
\inpenc@posthook=\toks17
)
(/usr/local/texlive/2023/texmf-dist/tex/latex/xcolor/xcolor.sty
Package: xcolor 2022/06/12 v2.14 LaTeX color extensions (UK)

(/usr/local/texlive/2023/texmf-dist/tex/latex/graphics-cfg/color.cfg
File: color.cfg 2016/01/02 v1.6 sample color configuration
)
Package xcolor Info: Driver file: pdftex.def on input line 227.

(/usr/local/texlive/2023/texmf-dist/tex/latex/graphics-def/pdftex.def
File: pdftex.def 2022/09/22 v1.2b Graphics/color driver for pdftex
)
(/usr/local/texlive/2023/texmf-dist/tex/latex/graphics/mathcolor.ltx)
Package xcolor Info: Model `cmy' substituted by `cmy0' on input line 1353.
Package xcolor Info: Model `hsb' substituted by `rgb' on input line 1357.
Package xcolor Info: Model `RGB' extended on input line 1369.
Package xcolor Info: Model `HTML' substituted by `rgb' on input line 1371.
Package xcolor Info: Model `Hsb' substituted by `hsb' on input line 1372.
Package xcolor Info: Model `tHsb' substituted by `hsb' on input line 1373.
Package xcolor Info: Model `HSB' substituted by `hsb' on input line 1374.
Package xcolor Info: Model `Gray' substituted by `gray' on input line 1375.
Package xcolor Info: Model `wave' substituted by `hsb' on input line 1376.

(/usr/local/texlive/2023/texmf-dist/tex/latex/graphics/dvipsnam.def
File: dvipsnam.def 2016/06/17 v3.0m Driver-dependent file (DPC,SPQR)
))
(/usr/local/texlive/2023/texmf-dist/tex/latex/graphics/graphicx.sty
Package: graphicx 2021/09/16 v1.2d Enhanced LaTeX Graphics (DPC,SPQR)

(/usr/local/texlive/2023/texmf-dist/tex/latex/graphics/keyval.sty
Package: keyval 2022/05/29 v1.15 key=value parser (DPC)
\KV@toks@=\toks18
)
(/usr/local/texlive/2023/texmf-dist/tex/latex/graphics/graphics.sty
Package: graphics 2022/03/10 v1.4e Standard LaTeX Graphics (DPC,SPQR)

(/usr/local/texlive/2023/texmf-dist/tex/latex/graphics/trig.sty
Package: trig 2021/08/11 v1.11 sin cos tan (DPC)
)
(/usr/local/texlive/2023/texmf-dist/tex/latex/graphics-cfg/graphics.cfg
File: graphics.cfg 2016/06/04 v1.11 sample graphics configuration
)
Package graphics Info: Driver file: pdftex.def on input line 107.
)
\Gin@req@height=\dimen141
\Gin@req@width=\dimen142
)
(/usr/local/texlive/2023/texmf-dist/tex/latex/tools/bm.sty
Package: bm 2022/01/05 v1.2f Bold Symbol Support (DPC/FMi)
\symboldoperators=\mathgroup4
\symboldletters=\mathgroup5
\symboldsymbols=\mathgroup6
Package bm Info: No bold for \OMX/cmex/m/n, using \pmb.
LaTeX Font Info:    Redeclaring math alphabet \mathbf on input line 149.
)
(/usr/local/texlive/2023/texmf-dist/tex/latex/l3packages/xfrac/xfrac.sty
(/usr/local/texlive/2023/texmf-dist/tex/latex/l3kernel/expl3.sty
Package: expl3 2023-02-22 L3 programming layer (loader) 

(/usr/local/texlive/2023/texmf-dist/tex/latex/l3backend/l3backend-pdftex.def
File: l3backend-pdftex.def 2023-01-16 L3 backend support: PDF output (pdfTeX)
\l__color_backend_stack_int=\count194
\l__pdf_internal_box=\box51
))
(/usr/local/texlive/2023/texmf-dist/tex/latex/amsmath/amstext.sty
Package: amstext 2021/08/26 v2.01 AMS text

(/usr/local/texlive/2023/texmf-dist/tex/latex/amsmath/amsgen.sty
File: amsgen.sty 1999/11/30 v2.0 generic functions
\@emptytoks=\toks19
\ex@=\dimen143
))
(/usr/local/texlive/2023/texmf-dist/tex/latex/l3packages/l3keys2e/l3keys2e.sty
Package: l3keys2e 2023-02-02 LaTeX2e option processing using LaTeX3 keys
) (/usr/local/texlive/2023/texmf-dist/tex/latex/base/textcomp.sty
Package: textcomp 2020/02/02 v2.0n Standard LaTeX package
)
(/usr/local/texlive/2023/texmf-dist/tex/latex/l3packages/xparse/xparse.sty
Package: xparse 2023-02-02 L3 Experimental document command parser
)
(/usr/local/texlive/2023/texmf-dist/tex/latex/l3packages/xtemplate/xtemplate.st
y
Package: xtemplate 2023-02-02 L3 Experimental prototype document functions
\l__xtemplate_tmp_dim=\dimen144
\l__xtemplate_tmp_int=\count195
\l__xtemplate_tmp_muskip=\muskip16
\l__xtemplate_tmp_skip=\skip50
)
Package: xfrac 2023-02-02 L3 Experimental split-level fractions
\l__xfrac_slash_box=\box52
\l__xfrac_tmp_box=\box53
\l__xfrac_denominator_bot_sep_dim=\dimen145
\l__xfrac_numerator_bot_sep_dim=\dimen146
\l__xfrac_numerator_top_sep_dim=\dimen147
\l__xfrac_slash_left_sep_dim=\dimen148
\l__xfrac_slash_right_sep_dim=\dimen149
\l__xfrac_slash_left_muskip=\muskip17
\l__xfrac_slash_right_muskip=\muskip18

Package xtemplate Info: Declaring object type 'xfrac' taking 3 argument(s) on
(xtemplate)             line 80.

) (/usr/local/texlive/2023/texmf-dist/tex/latex/caption/caption.sty
Package: caption 2023/03/12 v3.6j Customizing captions (AR)

(/usr/local/texlive/2023/texmf-dist/tex/latex/caption/caption3.sty
Package: caption3 2023/03/12 v2.4 caption3 kernel (AR)
\caption@tempdima=\dimen150
\captionmargin=\dimen151
\caption@leftmargin=\dimen152
\caption@rightmargin=\dimen153
\caption@width=\dimen154
\caption@indent=\dimen155
\caption@parindent=\dimen156
\caption@hangindent=\dimen157
Package caption Info: Standard document class detected.
)
\c@caption@flags=\count196
\c@continuedfloat=\count197
)
(/usr/local/texlive/2023/texmf-dist/tex/latex/caption/subcaption.sty
Package: subcaption 2023/02/19 v1.6 Sub-captions (AR)
Package caption Info: New subtype `subfigure' on input line 239.
\c@subfigure=\count198
Package caption Info: New subtype `subtable' on input line 239.
\c@subtable=\count199
)
(/usr/local/texlive/2023/texmf-dist/tex/latex/float/float.sty
Package: float 2001/11/08 v1.3d Float enhancements (AL)
\c@float@type=\count266
\float@exts=\toks20
\float@box=\box54
\@float@everytoks=\toks21
\@floatcapt=\box55
)
(/usr/local/texlive/2023/texmf-dist/tex/latex/tools/array.sty
Package: array 2022/09/04 v2.5g Tabular extension package (FMi)
\col@sep=\dimen158
\ar@mcellbox=\box56
\extrarowheight=\dimen159
\NC@list=\toks22
\extratabsurround=\skip51
\backup@length=\skip52
\ar@cellbox=\box57
)
(/usr/local/texlive/2023/texmf-dist/tex/latex/multirow/multirow.sty
Package: multirow 2021/03/15 v2.8 Span multiple rows of a table
\multirow@colwidth=\skip53
\multirow@cntb=\count267
\multirow@dima=\skip54
\bigstrutjot=\dimen160
)
(/usr/local/texlive/2023/texmf-dist/tex/latex/titling/titling.sty
Package: titling 2009/09/04 v2.1d maketitle typesetting
\thanksmarkwidth=\skip55
\thanksmargin=\skip56
\droptitle=\skip57
)
(/usr/local/texlive/2023/texmf-dist/tex/latex/titlesec/titlesec.sty
Package: titlesec 2021/07/05 v2.14 Sectioning titles
\ttl@box=\box58
\beforetitleunit=\skip58
\aftertitleunit=\skip59
\ttl@plus=\dimen161
\ttl@minus=\dimen162
\ttl@toksa=\toks23
\titlewidth=\dimen163
\titlewidthlast=\dimen164
\titlewidthfirst=\dimen165
)
(/usr/local/texlive/2023/texmf-dist/tex/latex/hyperref/hyperref.sty
Package: hyperref 2023-02-07 v7.00v Hypertext links for LaTeX

(/usr/local/texlive/2023/texmf-dist/tex/generic/ltxcmds/ltxcmds.sty
Package: ltxcmds 2020-05-10 v1.25 LaTeX kernel commands for general use (HO)
)
(/usr/local/texlive/2023/texmf-dist/tex/generic/iftex/iftex.sty
Package: iftex 2022/02/03 v1.0f TeX engine tests
)
(/usr/local/texlive/2023/texmf-dist/tex/generic/pdftexcmds/pdftexcmds.sty
Package: pdftexcmds 2020-06-27 v0.33 Utility functions of pdfTeX for LuaTeX (HO
)

(/usr/local/texlive/2023/texmf-dist/tex/generic/infwarerr/infwarerr.sty
Package: infwarerr 2019/12/03 v1.5 Providing info/warning/error messages (HO)
)
Package pdftexcmds Info: \pdf@primitive is available.
Package pdftexcmds Info: \pdf@ifprimitive is available.
Package pdftexcmds Info: \pdfdraftmode found.
)
(/usr/local/texlive/2023/texmf-dist/tex/latex/kvsetkeys/kvsetkeys.sty
Package: kvsetkeys 2022-10-05 v1.19 Key value parser (HO)
)
(/usr/local/texlive/2023/texmf-dist/tex/generic/kvdefinekeys/kvdefinekeys.sty
Package: kvdefinekeys 2019-12-19 v1.6 Define keys (HO)
)
(/usr/local/texlive/2023/texmf-dist/tex/generic/pdfescape/pdfescape.sty
Package: pdfescape 2019/12/09 v1.15 Implements pdfTeX's escape features (HO)
)
(/usr/local/texlive/2023/texmf-dist/tex/latex/hycolor/hycolor.sty
Package: hycolor 2020-01-27 v1.10 Color options for hyperref/bookmark (HO)
)
(/usr/local/texlive/2023/texmf-dist/tex/latex/letltxmacro/letltxmacro.sty
Package: letltxmacro 2019/12/03 v1.6 Let assignment for LaTeX macros (HO)
)
(/usr/local/texlive/2023/texmf-dist/tex/latex/auxhook/auxhook.sty
Package: auxhook 2019-12-17 v1.6 Hooks for auxiliary files (HO)
)
(/usr/local/texlive/2023/texmf-dist/tex/latex/hyperref/nameref.sty
Package: nameref 2022-05-17 v2.50 Cross-referencing by name of section

(/usr/local/texlive/2023/texmf-dist/tex/latex/refcount/refcount.sty
Package: refcount 2019/12/15 v3.6 Data extraction from label references (HO)
)
(/usr/local/texlive/2023/texmf-dist/tex/generic/gettitlestring/gettitlestring.s
ty
Package: gettitlestring 2019/12/15 v1.6 Cleanup title references (HO)
 (/usr/local/texlive/2023/texmf-dist/tex/latex/kvoptions/kvoptions.sty
Package: kvoptions 2022-06-15 v3.15 Key value format for package options (HO)
))
\c@section@level=\count268
)
\@linkdim=\dimen166
\Hy@linkcounter=\count269
\Hy@pagecounter=\count270

(/usr/local/texlive/2023/texmf-dist/tex/latex/hyperref/pd1enc.def
File: pd1enc.def 2023-02-07 v7.00v Hyperref: PDFDocEncoding definition (HO)
Now handling font encoding PD1 ...
... no UTF-8 mapping file for font encoding PD1
)
(/usr/local/texlive/2023/texmf-dist/tex/generic/intcalc/intcalc.sty
Package: intcalc 2019/12/15 v1.3 Expandable calculations with integers (HO)
)
(/usr/local/texlive/2023/texmf-dist/tex/generic/etexcmds/etexcmds.sty
Package: etexcmds 2019/12/15 v1.7 Avoid name clashes with e-TeX commands (HO)
)
\Hy@SavedSpaceFactor=\count271

(/usr/local/texlive/2023/texmf-dist/tex/latex/hyperref/puenc.def
File: puenc.def 2023-02-07 v7.00v Hyperref: PDF Unicode definition (HO)
Now handling font encoding PU ...
... no UTF-8 mapping file for font encoding PU
)
Package hyperref Info: Hyper figures OFF on input line 4177.
Package hyperref Info: Link nesting OFF on input line 4182.
Package hyperref Info: Hyper index ON on input line 4185.
Package hyperref Info: Plain pages OFF on input line 4192.
Package hyperref Info: Backreferencing OFF on input line 4197.
Package hyperref Info: Implicit mode ON; LaTeX internals redefined.
Package hyperref Info: Bookmarks ON on input line 4425.
\c@Hy@tempcnt=\count272

(/usr/local/texlive/2023/texmf-dist/tex/latex/url/url.sty
\Urlmuskip=\muskip19
Package: url 2013/09/16  ver 3.4  Verb mode for urls, etc.
)
LaTeX Info: Redefining \url on input line 4763.
\XeTeXLinkMargin=\dimen167

(/usr/local/texlive/2023/texmf-dist/tex/generic/bitset/bitset.sty
Package: bitset 2019/12/09 v1.3 Handle bit-vector datatype (HO)

(/usr/local/texlive/2023/texmf-dist/tex/generic/bigintcalc/bigintcalc.sty
Package: bigintcalc 2019/12/15 v1.5 Expandable calculations on big integers (HO
)
))
\Fld@menulength=\count273
\Field@Width=\dimen168
\Fld@charsize=\dimen169
Package hyperref Info: Hyper figures OFF on input line 6042.
Package hyperref Info: Link nesting OFF on input line 6047.
Package hyperref Info: Hyper index ON on input line 6050.
Package hyperref Info: backreferencing OFF on input line 6057.
Package hyperref Info: Link coloring OFF on input line 6062.
Package hyperref Info: Link coloring with OCG OFF on input line 6067.
Package hyperref Info: PDF/A mode OFF on input line 6072.

(/usr/local/texlive/2023/texmf-dist/tex/latex/base/atbegshi-ltx.sty
Package: atbegshi-ltx 2021/01/10 v1.0c Emulation of the original atbegshi
package with kernel methods
)
\Hy@abspage=\count274
\c@Item=\count275
\c@Hfootnote=\count276
)
Package hyperref Info: Driver (autodetected): hpdftex.

(/usr/local/texlive/2023/texmf-dist/tex/latex/hyperref/hpdftex.def
File: hpdftex.def 2023-02-07 v7.00v Hyperref driver for pdfTeX

(/usr/local/texlive/2023/texmf-dist/tex/latex/base/atveryend-ltx.sty
Package: atveryend-ltx 2020/08/19 v1.0a Emulation of the original atveryend pac
kage
with kernel methods
)
\Fld@listcount=\count277
\c@bookmark@seq@number=\count278

(/usr/local/texlive/2023/texmf-dist/tex/latex/rerunfilecheck/rerunfilecheck.sty
Package: rerunfilecheck 2022-07-10 v1.10 Rerun checks for auxiliary files (HO)

(/usr/local/texlive/2023/texmf-dist/tex/generic/uniquecounter/uniquecounter.sty
Package: uniquecounter 2019/12/15 v1.4 Provide unlimited unique counter (HO)
)
Package uniquecounter Info: New unique counter `rerunfilecheck' on input line 2
85.
)
\Hy@SectionHShift=\skip60
)
Package hyperref Info: Option `colorlinks' set `true' on input line 24.
 (/usr/local/texlive/2023/texmf-dist/tex/latex/mathtools/mathtools.sty
Package: mathtools 2022/06/29 v1.29 mathematical typesetting tools

(/usr/local/texlive/2023/texmf-dist/tex/latex/tools/calc.sty
Package: calc 2017/05/25 v4.3 Infix arithmetic (KKT,FJ)
\calc@Acount=\count279
\calc@Bcount=\count280
\calc@Adimen=\dimen170
\calc@Bdimen=\dimen171
\calc@Askip=\skip61
\calc@Bskip=\skip62
LaTeX Info: Redefining \setlength on input line 80.
LaTeX Info: Redefining \addtolength on input line 81.
\calc@Ccount=\count281
\calc@Cskip=\skip63
)
(/usr/local/texlive/2023/texmf-dist/tex/latex/mathtools/mhsetup.sty
Package: mhsetup 2021/03/18 v1.4 programming setup (MH)
)
(/usr/local/texlive/2023/texmf-dist/tex/latex/amsmath/amsmath.sty
Package: amsmath 2022/04/08 v2.17n AMS math features
\@mathmargin=\skip64

For additional information on amsmath, use the `?' option.
(/usr/local/texlive/2023/texmf-dist/tex/latex/amsmath/amsbsy.sty
Package: amsbsy 1999/11/29 v1.2d Bold Symbols
LaTeX Info: Redefining \boldsymbol on input line 28.
\pmbraise@=\dimen172
)
(/usr/local/texlive/2023/texmf-dist/tex/latex/amsmath/amsopn.sty
Package: amsopn 2022/04/08 v2.04 operator names
)
\inf@bad=\count282
LaTeX Info: Redefining \frac on input line 234.
\uproot@=\count283
\leftroot@=\count284
LaTeX Info: Redefining \overline on input line 399.
LaTeX Info: Redefining \colon on input line 410.
\classnum@=\count285
\DOTSCASE@=\count286
LaTeX Info: Redefining \ldots on input line 496.
LaTeX Info: Redefining \dots on input line 499.
LaTeX Info: Redefining \cdots on input line 620.
\Mathstrutbox@=\box59
\strutbox@=\box60
LaTeX Info: Redefining \big on input line 722.
LaTeX Info: Redefining \Big on input line 723.
LaTeX Info: Redefining \bigg on input line 724.
LaTeX Info: Redefining \Bigg on input line 725.
\big@size=\dimen173
LaTeX Font Info:    Redeclaring font encoding OML on input line 743.
LaTeX Font Info:    Redeclaring font encoding OMS on input line 744.
\macc@depth=\count287
LaTeX Info: Redefining \bmod on input line 905.
LaTeX Info: Redefining \pmod on input line 910.
LaTeX Info: Redefining \smash on input line 940.
LaTeX Info: Redefining \relbar on input line 970.
LaTeX Info: Redefining \Relbar on input line 971.
\c@MaxMatrixCols=\count288
\dotsspace@=\muskip20
\c@parentequation=\count289
\dspbrk@lvl=\count290
\tag@help=\toks24
\row@=\count291
\column@=\count292
\maxfields@=\count293
\andhelp@=\toks25
\eqnshift@=\dimen174
\alignsep@=\dimen175
\tagshift@=\dimen176
\tagwidth@=\dimen177
\totwidth@=\dimen178
\lineht@=\dimen179
\@envbody=\toks26
\multlinegap=\skip65
\multlinetaggap=\skip66
\mathdisplay@stack=\toks27
LaTeX Info: Redefining \[ on input line 2953.
LaTeX Info: Redefining \] on input line 2954.
)
\g_MT_multlinerow_int=\count294
\l_MT_multwidth_dim=\dimen180
\origjot=\skip67
\l_MT_shortvdotswithinadjustabove_dim=\dimen181
\l_MT_shortvdotswithinadjustbelow_dim=\dimen182
\l_MT_above_intertext_sep=\dimen183
\l_MT_below_intertext_sep=\dimen184
\l_MT_above_shortintertext_sep=\dimen185
\l_MT_below_shortintertext_sep=\dimen186
\xmathstrut@box=\box61
\xmathstrut@dim=\dimen187
)
(/usr/local/texlive/2023/texmf-dist/tex/latex/geometry/geometry.sty
Package: geometry 2020/01/02 v5.9 Page Geometry

(/usr/local/texlive/2023/texmf-dist/tex/generic/iftex/ifvtex.sty
Package: ifvtex 2019/10/25 v1.7 ifvtex legacy package. Use iftex instead.
)
\Gm@cnth=\count295
\Gm@cntv=\count296
\c@Gm@tempcnt=\count297
\Gm@bindingoffset=\dimen188
\Gm@wd@mp=\dimen189
\Gm@odd@mp=\dimen190
\Gm@even@mp=\dimen191
\Gm@layoutwidth=\dimen192
\Gm@layoutheight=\dimen193
\Gm@layouthoffset=\dimen194
\Gm@layoutvoffset=\dimen195
\Gm@dimlist=\toks28
)
(/usr/local/texlive/2023/texmf-dist/tex/latex/appendix/appendix.sty
Package: appendix 2020/02/08 v1.2c extra appendix facilities
\c@@pps=\count298
\c@@ppsavesec=\count299
\c@@ppsaveapp=\count300
)
(/usr/local/texlive/2023/texmf-dist/tex/generic/babel/babel.sty
Package: babel 2023/02/13 3.86 The Babel package
\babel@savecnt=\count301
\U@D=\dimen196
\l@unhyphenated=\language87

(/usr/local/texlive/2023/texmf-dist/tex/generic/babel/txtbabel.def)
\bbl@readstream=\read2
\bbl@dirlevel=\count302

(/usr/local/texlive/2023/texmf-dist/tex/generic/babel-english/english.ldf
Language: english 2017/06/06 v3.3r English support from the babel system
Package babel Info: Hyphen rules for 'canadian' set to \l@english
(babel)             (\language0). Reported on input line 102.
Package babel Info: Hyphen rules for 'australian' set to \l@ukenglish
(babel)             (\language21). Reported on input line 105.
Package babel Info: Hyphen rules for 'newzealand' set to \l@ukenglish
(babel)             (\language21). Reported on input line 108.
))
(/usr/local/texlive/2023/texmf-dist/tex/generic/babel/locale/en/babel-english.t
ex
Package babel Info: Importing font and identification data for english
(babel)             from babel-en.ini. Reported on input line 11.
)

Package geometry Warning: Over-specification in `h'-direction.
    `width' (483.69684pt) is ignored.


Package geometry Warning: Over-specification in `v'-direction.
    `height' (689.97932pt) is ignored.

\savedwidth=\skip68
) (/usr/local/texlive/2023/texmf-dist/tex/latex/natbib/natbib.sty
Package: natbib 2010/09/13 8.31b (PWD, AO)
\bibhang=\skip69
\bibsep=\skip70
LaTeX Info: Redefining \cite on input line 694.
\c@NAT@ctr=\count303
)
(/usr/local/texlive/2023/texmf-dist/tex/latex/tocbibind/tocbibind.sty
Package: tocbibind 2010/10/13 v1.5k extra ToC listings
Package tocbibind Info: The document has chapter divisions on input line 50.


Package tocbibind Note: Using chapter style headings, unless overridden.

) (/usr/local/texlive/2023/texmf-dist/tex/latex/amsfonts/euscript.sty
Package: euscript 2009/06/22 v3.00 Euler Script fonts
LaTeX Font Info:    Overwriting math alphabet `\EuScript' in version `bold'
(Font)                  U/eus/m/n --> U/eus/b/n on input line 33.
)
(/usr/local/texlive/2023/texmf-dist/tex/latex/amsfonts/amssymb.sty
Package: amssymb 2013/01/14 v3.01 AMS font symbols

(/usr/local/texlive/2023/texmf-dist/tex/latex/amsfonts/amsfonts.sty
Package: amsfonts 2013/01/14 v3.01 Basic AMSFonts support
\symAMSa=\mathgroup7
\symAMSb=\mathgroup8
LaTeX Font Info:    Redeclaring math symbol \hbar on input line 98.
LaTeX Font Info:    Overwriting math alphabet `\mathfrak' in version `bold'
(Font)                  U/euf/m/n --> U/euf/b/n on input line 106.
))
(/usr/local/texlive/2023/texmf-dist/tex/latex/algorithms/algorithm.sty
Package: algorithm 2009/08/24 v0.1 Document Style `algorithm' - floating enviro
nment

(/usr/local/texlive/2023/texmf-dist/tex/latex/base/ifthen.sty
Package: ifthen 2022/04/13 v1.1d Standard LaTeX ifthen package (DPC)
)
\@float@every@algorithm=\toks29
\c@algorithm=\count304
)
(/usr/local/texlive/2023/texmf-dist/tex/latex/algorithmicx/algpseudocode.sty
Package: algpseudocode 

(/usr/local/texlive/2023/texmf-dist/tex/latex/algorithmicx/algorithmicx.sty
Package: algorithmicx 2005/04/27 v1.2 Algorithmicx

Document Style algorithmicx 1.2 - a greatly improved `algorithmic' style
\c@ALG@line=\count305
\c@ALG@rem=\count306
\c@ALG@nested=\count307
\ALG@tlm=\skip71
\ALG@thistlm=\skip72
\c@ALG@Lnr=\count308
\c@ALG@blocknr=\count309
\c@ALG@storecount=\count310
\c@ALG@tmpcounter=\count311
\ALG@tmplength=\skip73
)
Document Style - pseudocode environments for use with the `algorithmicx' style
)
\symrsfs=\mathgroup9
 (./main.aux)
\openout1 = `main.aux'.

LaTeX Font Info:    Checking defaults for OML/cmm/m/it on input line 20.
LaTeX Font Info:    ... okay on input line 20.
LaTeX Font Info:    Checking defaults for OMS/cmsy/m/n on input line 20.
LaTeX Font Info:    ... okay on input line 20.
LaTeX Font Info:    Checking defaults for OT1/cmr/m/n on input line 20.
LaTeX Font Info:    ... okay on input line 20.
LaTeX Font Info:    Checking defaults for T1/cmr/m/n on input line 20.
LaTeX Font Info:    ... okay on input line 20.
LaTeX Font Info:    Checking defaults for TS1/cmr/m/n on input line 20.
LaTeX Font Info:    ... okay on input line 20.
LaTeX Font Info:    Checking defaults for OMX/cmex/m/n on input line 20.
LaTeX Font Info:    ... okay on input line 20.
LaTeX Font Info:    Checking defaults for U/cmr/m/n on input line 20.
LaTeX Font Info:    ... okay on input line 20.
LaTeX Font Info:    Checking defaults for PD1/pdf/m/n on input line 20.
LaTeX Font Info:    ... okay on input line 20.
LaTeX Font Info:    Checking defaults for PU/pdf/m/n on input line 20.
LaTeX Font Info:    ... okay on input line 20.

(/usr/local/texlive/2023/texmf-dist/tex/context/base/mkii/supp-pdf.mkii
[Loading MPS to PDF converter (version 2006.09.02).]
\scratchcounter=\count312
\scratchdimen=\dimen197
\scratchbox=\box62
\nofMPsegments=\count313
\nofMParguments=\count314
\everyMPshowfont=\toks30
\MPscratchCnt=\count315
\MPscratchDim=\dimen198
\MPnumerator=\count316
\makeMPintoPDFobject=\count317
\everyMPtoPDFconversion=\toks31
) (/usr/local/texlive/2023/texmf-dist/tex/latex/epstopdf-pkg/epstopdf-base.sty
Package: epstopdf-base 2020-01-24 v2.11 Base part for package epstopdf

(/usr/local/texlive/2023/texmf-dist/tex/latex/grfext/grfext.sty
Package: grfext 2019/12/03 v1.3 Manage graphics extensions (HO)
)
Package epstopdf-base Info: Redefining graphics rule for `.eps' on input line 4
85.
Package grfext Info: Graphics extension search list:
(grfext)             [.pdf,.png,.jpg,.mps,.jpeg,.jbig2,.jb2,.PDF,.PNG,.JPG,.JPE
G,.JBIG2,.JB2,.eps]
(grfext)             \AppendGraphicsExtensions on input line 504.

(/usr/local/texlive/2023/texmf-dist/tex/latex/latexconfig/epstopdf-sys.cfg
File: epstopdf-sys.cfg 2010/07/13 v1.3 Configuration of (r)epstopdf for TeX Liv
e
))
Package caption Info: Begin \AtBeginDocument code.
Package caption Info: float package is loaded.
Package caption Info: hyperref package is loaded.
Package caption Info: End \AtBeginDocument code.
Package hyperref Info: Link coloring ON on input line 20.

(./main.out) (./main.out)
\@outlinefile=\write3
\openout3 = `main.out'.


*geometry* driver: auto-detecting
*geometry* detected driver: pdftex
*geometry* verbose mode - [ preamble ] result:
* driver: pdftex
* paper: a4paper
* layout: <same size as paper>
* layoutoffset:(h,v)=(0.0pt,0.0pt)
* modes: 
* h-part:(L,W,R)=(62.59605pt, 462.64183pt, 72.26999pt)
* v-part:(T,H,B)=(71.13188pt, 701.64497pt, 72.26999pt)
* \paperwidth=597.50787pt
* \paperheight=845.04684pt
* \textwidth=462.64183pt
* \textheight=701.64497pt
* \oddsidemargin=-9.67393pt
* \evensidemargin=-9.67393pt
* \topmargin=-38.1381pt
* \headheight=12.0pt
* \headsep=25.0pt
* \topskip=12.0pt
* \footskip=30.0pt
* \marginparwidth=35.0pt
* \marginparsep=10.0pt
* \columnsep=10.0pt
* \skip\footins=10.8pt plus 4.0pt minus 2.0pt
* \hoffset=0.0pt
* \voffset=0.0pt
* \mag=1000
* \@twocolumnfalse
* \@twosidefalse
* \@mparswitchfalse
* \@reversemarginfalse
* (1in=72.27pt=25.4mm, 1cm=28.453pt)

(./Titlefluff.tex
<UsydLogo.pdf, id=184, 293.095pt x 101.37875pt>
File: UsydLogo.pdf Graphic file (type pdf)
<use UsydLogo.pdf>
Package pdftex.def Info: UsydLogo.pdf  used on input line 21.
(pdftex.def)             Requested size: 219.8207pt x 76.03386pt.
 [1

{/usr/local/texlive/2023/texmf-var/fonts/map/pdftex/updmap/pdftex.map} <./UsydL
ogo.pdf>]
Underfull \hbox (badness 10000) in paragraph at lines 39--46

 []


Underfull \hbox (badness 10000) in paragraph at lines 39--46

 []


Underfull \hbox (badness 10000) in paragraph at lines 39--46

 []


Underfull \hbox (badness 10000) in paragraph at lines 39--46

 []

[1]
LaTeX Font Info:    Trying to load font information for U+msa on input line 54.

 (/usr/local/texlive/2023/texmf-dist/tex/latex/amsfonts/umsa.fd
File: umsa.fd 2013/01/14 v3.01 AMS symbols A
)
LaTeX Font Info:    Trying to load font information for U+msb on input line 54.


(/usr/local/texlive/2023/texmf-dist/tex/latex/amsfonts/umsb.fd
File: umsb.fd 2013/01/14 v3.01 AMS symbols B
)
LaTeX Font Info:    Trying to load font information for U+rsfs on input line 54
.

(/usr/local/texlive/2023/texmf-dist/tex/latex/jknapltx/ursfs.fd
File: ursfs.fd 1998/03/24 rsfs font definition file (jk)
) [2] [3]
[4]) (./main.toc [5

])
\tf@toc=\write4
\openout4 = `main.toc'.

 [6] (./main.lof)
\tf@lof=\write5
\openout5 = `main.lof'.


pdfTeX warning (ext4): destination with the same identifier (name{page.1}) has 
been already used, duplicate ignored
<to be read again> 
                   \relax 
l.31 \listoftables
                   [1

] (./main.lot)
\tf@lot=\write6
\openout6 = `main.lot'.

 [2

] (./Chapter1.tex
Chapter 1.

LaTeX Font Warning: Font shape `OT1/cmr/bx/n' in size <16> not available
(Font)              size <17.28> substituted on input line 3.


Package natbib Warning: Citation `tibshirani_1996' on page 1 undefined on input
 line 16.


Package natbib Warning: Citation `tibshirani_1996' on page 1 undefined on input
 line 38.


pdfTeX warning (ext4): destination with the same identifier (name{page.1}) has 
been already used, duplicate ignored
<to be read again> 
                   \relax 
l.39 
      [1


]

Package natbib Warning: Citation `efron_hastie_johnstone_tibshirani_2004' on pa
ge 2 undefined on input line 40.


Package natbib Warning: Citation `beck_teboulle_2009' on page 2 undefined on in
put line 40.


Package natbib Warning: Citation `nan_zhang_shuqing_zeng_2005' on page 2 undefi
ned on input line 40.


Package natbib Warning: Citation `friedman_hastie_tibshirani_2010' on page 2 un
defined on input line 40.


Package natbib Warning: Citation `tibshirani_1996' on page 2 undefined on input
 line 43.


Package natbib Warning: Citation `park_casella_2008' on page 2 undefined on inp
ut line 60.


Package natbib Warning: Citation `park_casella_2008' on page 2 undefined on inp
ut line 64.


Package natbib Warning: Citation `park_casella_2008' on page 2 undefined on inp
ut line 65.


pdfTeX warning (ext4): destination with the same identifier (name{page.2}) has 
been already used, duplicate ignored
<to be read again> 
                   \relax 
l.66 
      [2]

Package natbib Warning: Citation `khare_hobert_2013' on page 3 undefined on inp
ut line 67.


Package natbib Warning: Citation `bishop_2006' on page 3 undefined on input lin
e 71.


Package natbib Warning: Citation `Blei2003LDA' on page 3 undefined on input lin
e 83.

<VIoptimization.jpg, id=341, 1361.085pt x 1002.74625pt>
File: VIoptimization.jpg Graphic file (type jpg)
<use VIoptimization.jpg>
Package pdftex.def Info: VIoptimization.jpg  used on input line 87.
(pdftex.def)             Requested size: 272.21217pt x 200.5457pt.
[3] [4]

Package natbib Warning: Citation `parisi1988statistical' on page 5 undefined on
 input line 120.

[5 <./VIoptimization.jpg>]

Package natbib Warning: Citation `blei_kucukelbir_mcauliffe_2017' on page 6 und
efined on input line 133.

<VIdemo.png, id=369, 196.735pt x 93.34875pt>
File: VIdemo.png Graphic file (type png)
<use VIdemo.png>
Package pdftex.def Info: VIdemo.png  used on input line 138.
(pdftex.def)             Requested size: 462.64183pt x 219.53621pt.
[6] [7 <./VIdemo.png>]

Package amsmath Warning: Foreign command \atopwithdelims;
(amsmath)                \frac or \genfrac should be used instead
(amsmath)                 on input line 152.

[8{/usr/local/texlive/2023/texmf-dist/fonts/enc/dvips/cm-super/cm-super-ts1.enc
}]) (./Chapter2.tex [9]
Chapter 2.
[10

]
<lassodemo.png, id=413, 614.295pt x 388.45125pt>
File: lassodemo.png Graphic file (type png)
<use lassodemo.png>
Package pdftex.def Info: lassodemo.png  used on input line 47.
(pdftex.def)             Requested size: 462.64183pt x 292.55873pt.
 [11]

Package natbib Warning: Citation `park_casella_2008' on page 12 undefined on in
put line 53.


Underfull \hbox (badness 10000) in paragraph at lines 53--54

 []


Package natbib Warning: Citation `park_casella_2008' on page 12 undefined on in
put line 59.

[12 <./lassodemo.png>] [13]

Package natbib Warning: Citation `4767596' on page 14 undefined on input line 1
00.

[14]
Underfull \hbox (badness 10000) in paragraph at lines 139--142

 []

[15]

Package hyperref Warning: No autoref name for `algorithm' on input line 166.

Package hyperref Info: bookmark level for unknown algorithm defaults to 0 on in
put line 168.

Package natbib Warning: Citation `park_casella_2008' on page 16 undefined on in
put line 190.


Package natbib Warning: Citation `park_casella_2008' on page 16 undefined on in
put line 191.

[16]

Package natbib Warning: Citation `EM' on page 17 undefined on input line 211.

[17]

Package natbib Warning: Citation `EM' on page 18 undefined on input line 230.

[18] [19]

Package natbib Warning: Citation `blei_kucukelbir_mcauliffe_2017' on page 20 un
defined on input line 304.


Package natbib Warning: Citation `bishop_2006' on page 20 undefined on input li
ne 304.

[20] [21] [22] [23]
Overfull \hbox (13.11336pt too wide) in paragraph at lines 352--355
\OT1/cmr/m/n/12 where $[] [](\OMS/cmsy/m/n/12 D\OML/cmm/m/it/12 ; ^^R[]\OT1/cmr
/m/n/12 ) = \U/msb/m/n/12 E[] [] \OML/cmm/m/it/12 p\OT1/cmr/m/n/12 (\OMS/cmsy/m
/n/12 D\OML/cmm/m/it/12 ; ^^R\OT1/cmr/m/n/12 ) + \OML/cmm/m/it/12 const$\OT1/cm
r/m/n/12 , and $\U/msb/m/n/12 E[] [] \OML/cmm/m/it/12 p\OT1/cmr/m/n/12 (\OMS/cm
sy/m/n/12 D\OML/cmm/m/it/12 ; ^^R\OT1/cmr/m/n/12 ) = [] [] \OML/cmm/m/it/12 p\O
T1/cmr/m/n/12 (\OMS/cmsy/m/n/12 D\OML/cmm/m/it/12 ; ^^R\OT1/cmr/m/n/12 ) [][] \
OML/cmm/m/it/12 q[]\OT1/cmr/m/n/12 (\OML/cmm/m/it/12 ^^R[]\OT1/cmr/m/n/12 )\OML
/cmm/m/it/12 d^^R[]$
 []


Package natbib Warning: Citation `boyd2004convex' on page 24 undefined on input
 line 364.

[24] [25]) (./Chapter3.tex [26]
Chapter 3.
[27

]
<Lasso_distribution.png, id=581, 1445.4pt x 578.16pt>
File: Lasso_distribution.png Graphic file (type png)
<use Lasso_distribution.png>
Package pdftex.def Info: Lasso_distribution.png  used on input line 52.
(pdftex.def)             Requested size: 462.64183pt x 185.05908pt.


LaTeX Warning: `h' float specifier changed to `ht'.

[28] [29 <./Lasso_distribution.png>] [30] [31]
Underfull \hbox (badness 10000) in paragraph at lines 198--200

 []


Underfull \hbox (badness 10000) in paragraph at lines 208--209

 []

[32] [33]
Overfull \hbox (8.5109pt too wide) detected at line 327
[]
 []


Overfull \hbox (61.46428pt too wide) detected at line 392
[]
 []

[34] [35]
Overfull \hbox (2.76614pt too wide) in paragraph at lines 433--435
\OT1/cmr/m/n/12 where $\OML/cmm/m/it/12 ^^V[] \OT1/cmr/m/n/12 = (\OMS/cmsy/m/n/
12 ^^@[]\OML/cmm/m/it/12 x[] \OT1/cmr/m/n/12 + [])$, $\OML/cmm/m/it/12 ^^V[] \O
T1/cmr/m/n/12 = ([]\OML/cmm/m/it/12 x[] \OMS/cmsy/m/n/12 ^^@ []\OT1/cmr/m/n/12 
)$, $\OML/cmm/m/it/12 ^^[[] \OT1/cmr/m/n/12 = 1\OML/cmm/m/it/12 =a[]$\OT1/cmr/m
/n/12 , $\OML/cmm/m/it/12 k \OT1/cmr/m/n/12 = \OML/cmm/m/it/12 Z[] []\OT1/cmr/m
/n/12 (\OMS/cmsy/m/n/12 ^^@\OT1/cmr/m/n/12 0\OML/cmm/m/it/12 :\OT1/cmr/m/n/12 5
\OML/cmm/m/it/12 a[]x[] \OT1/cmr/m/n/12 +
 []

! Undefined control sequence.
l.468 ...-j,j}\Sigma_{j,j}^{-1}\mu_j$, $t = \Sgima
                                                  _{-j,j}\Sigma_{j,j}^{-1}$ ...
The control sequence at the end of the top line
of your error message was never \def'ed. If you have
misspelled it (e.g., `\hobx'), type `I' and the correct
spelling (e.g., `I\hbox'). Otherwise just continue,
and I'll forget about whatever was undefined.

[36] [37] [38] [39]
Underfull \hbox (badness 10000) in paragraph at lines 645--647

 []


Overfull \hbox (33.06493pt too wide) detected at line 655
[][][]\OML/cmm/m/it/12 ^^L[] \OMS/cmsy/m/n/12 j D [] [] [] \OML/cmm/m/it/12 :
 []

[40] [41]) (./Chapter4.tex [42]
Chapter 4.
[43

] [44] [45]
Underfull \hbox (badness 10000) in paragraph at lines 83--85

 []

[46]
<lasso_densities_Hitters.pdf, id=698, page=15, 722.7pt x 578.16pt>
File: lasso_densities_Hitters.pdf Graphic file (type pdf)
<use lasso_densities_Hitters.pdf, page 15>
Package pdftex.def Info: lasso_densities_Hitters.pdf , page15 used on input lin
e 90.
(pdftex.def)             Requested size: 231.3209pt x 185.05908pt.
<lasso_densities_Hitters-1.pdf, id=699, page=8, 722.7pt x 578.16pt>
File: lasso_densities_Hitters-1.pdf Graphic file (type pdf)
<use lasso_densities_Hitters-1.pdf, page 8>
Package pdftex.def Info: lasso_densities_Hitters-1.pdf , page8 used on input li
ne 93.
(pdftex.def)             Requested size: 231.3209pt x 185.05908pt.

Overfull \hbox (2.61107pt too wide) in paragraph at lines 88--95
[][] [] 
 []

[47 <./lasso_densities_Hitters.pdf> <./lasso_densities_Hitters-1.pdf>]
<lasso_densities_Kakadu.pdf, id=715, page=1, 722.7pt x 578.16pt>
File: lasso_densities_Kakadu.pdf Graphic file (type pdf)
<use lasso_densities_Kakadu.pdf, page 1>
Package pdftex.def Info: lasso_densities_Kakadu.pdf , page1 used on input line 
106.
(pdftex.def)             Requested size: 231.3209pt x 185.05908pt.
<lasso_densities_Kakadu-1.pdf, id=716, page=2, 722.7pt x 578.16pt>
File: lasso_densities_Kakadu-1.pdf Graphic file (type pdf)
<use lasso_densities_Kakadu-1.pdf, page 2>
Package pdftex.def Info: lasso_densities_Kakadu-1.pdf , page2 used on input lin
e 109.
(pdftex.def)             Requested size: 231.3209pt x 185.05908pt.

Overfull \hbox (2.61107pt too wide) in paragraph at lines 104--111
[][] [] 
 []

<lasso_densities_Bodyfat.pdf, id=719, page=1, 722.7pt x 578.16pt>
File: lasso_densities_Bodyfat.pdf Graphic file (type pdf)
<use lasso_densities_Bodyfat.pdf, page 1>
Package pdftex.def Info: lasso_densities_Bodyfat.pdf , page1 used on input line
 119.
(pdftex.def)             Requested size: 231.3209pt x 185.05908pt.
<lasso_densities_Bodyfat-1.pdf, id=720, page=8, 722.7pt x 578.16pt>
File: lasso_densities_Bodyfat-1.pdf Graphic file (type pdf)
<use lasso_densities_Bodyfat-1.pdf, page 8>
Package pdftex.def Info: lasso_densities_Bodyfat-1.pdf , page8 used on input li
ne 122.
(pdftex.def)             Requested size: 231.3209pt x 185.05908pt.

Overfull \hbox (2.61107pt too wide) in paragraph at lines 117--124
[][] [] 
 []

[48 <./lasso_densities_Kakadu.pdf> <./lasso_densities_Kakadu-1.pdf> <./lasso_de
nsities_Bodyfat.pdf> <./lasso_densities_Bodyfat-1.pdf>]
<lasso_densities_prostate.pdf, id=747, page=1, 722.7pt x 578.16pt>
File: lasso_densities_prostate.pdf Graphic file (type pdf)
<use lasso_densities_prostate.pdf, page 1>
Package pdftex.def Info: lasso_densities_prostate.pdf , page1 used on input lin
e 133.
(pdftex.def)             Requested size: 231.3209pt x 185.05908pt.
<lasso_densities_prostate-1.pdf, id=748, page=7, 722.7pt x 578.16pt>
File: lasso_densities_prostate-1.pdf Graphic file (type pdf)
<use lasso_densities_prostate-1.pdf, page 7>
Package pdftex.def Info: lasso_densities_prostate-1.pdf , page7 used on input l
ine 136.
(pdftex.def)             Requested size: 231.3209pt x 185.05908pt.

Overfull \hbox (2.61107pt too wide) in paragraph at lines 131--138
[][] [] 
 []

<lasso_densities_Credit.pdf, id=750, page=11, 722.7pt x 578.16pt>
File: lasso_densities_Credit.pdf Graphic file (type pdf)
<use lasso_densities_Credit.pdf, page 11>
Package pdftex.def Info: lasso_densities_Credit.pdf , page11 used on input line
 148.
(pdftex.def)             Requested size: 231.3209pt x 185.05908pt.
<lasso_densities_Credit-1.pdf, id=751, page=2, 722.7pt x 578.16pt>
File: lasso_densities_Credit-1.pdf Graphic file (type pdf)
<use lasso_densities_Credit-1.pdf, page 2>
Package pdftex.def Info: lasso_densities_Credit-1.pdf , page2 used on input lin
e 151.
(pdftex.def)             Requested size: 231.3209pt x 185.05908pt.

Overfull \hbox (2.61107pt too wide) in paragraph at lines 146--153
[][] [] 
 []


LaTeX Warning: `h' float specifier changed to `ht'.

<lasso_densities_eyedata-1.pdf, id=753, page=52, 722.7pt x 578.16pt>
File: lasso_densities_eyedata-1.pdf Graphic file (type pdf)
<use lasso_densities_eyedata-1.pdf, page 52>
Package pdftex.def Info: lasso_densities_eyedata-1.pdf , page52 used on input l
ine 164.
(pdftex.def)             Requested size: 231.3209pt x 185.05908pt.
<lasso_densities_eyedata.pdf, id=754, page=200, 722.7pt x 578.16pt>
File: lasso_densities_eyedata.pdf Graphic file (type pdf)
<use lasso_densities_eyedata.pdf, page 200>
Package pdftex.def Info: lasso_densities_eyedata.pdf , page200 used on input li
ne 167.
(pdftex.def)             Requested size: 231.3209pt x 185.05908pt.

Overfull \hbox (2.61107pt too wide) in paragraph at lines 162--169
[][] [] 
 []


LaTeX Warning: `h' float specifier changed to `ht'.

[49 <./lasso_densities_prostate.pdf> <./lasso_densities_prostate-1.pdf>]
[50 <./lasso_densities_Credit.pdf> <./lasso_densities_Credit-1.pdf>]

LaTeX Warning: `!h' float specifier changed to `!ht'.


LaTeX Warning: `!h' float specifier changed to `!ht'.

[51 <./lasso_densities_eyedata-1.pdf> <./lasso_densities_eyedata.pdf>] [52]

LaTeX Warning: `!h' float specifier changed to `!ht'.

[53]

LaTeX Warning: `!h' float specifier changed to `!ht'.

[54] [55]) (./Chapter5.tex [56]
Chapter 5.
[57

] [58])
No file main.bbl.

Package natbib Warning: There were undefined citations.

[59] (./main.aux)

LaTeX Font Warning: Size substitutions with differences
(Font)              up to 1.28pt have occurred.

Package rerunfilecheck Info: File `main.out' has not changed.
(rerunfilecheck)             Checksum: E5E77923D4EEBF776CC868238EDF9A52;8166.
 ) 
Here is how much of TeX's memory you used:
 16512 strings out of 476025
 275700 string characters out of 5790017
 1877388 words of memory out of 5000000
 36452 multiletter control sequences out of 15000+600000
 524983 words of font info for 79 fonts, out of 8000000 for 9000
 1141 hyphenation exceptions out of 8191
 80i,17n,79p,1154b,593s stack positions out of 10000i,1000n,20000p,200000b,200000s
</usr/local/texlive/2023/texmf-dist/fonts/type1/public/amsfonts/cm/cmbx12.pfb
></usr/local/texlive/2023/texmf-dist/fonts/type1/public/amsfonts/cm/cmbx8.pfb><
/usr/local/texlive/2023/texmf-dist/fonts/type1/public/amsfonts/cm/cmex10.pfb></
usr/local/texlive/2023/texmf-dist/fonts/type1/public/amsfonts/cmextra/cmex8.pfb
></usr/local/texlive/2023/texmf-dist/fonts/type1/public/amsfonts/cm/cmmi12.pfb>
</usr/local/texlive/2023/texmf-dist/fonts/type1/public/amsfonts/cm/cmmi6.pfb></
usr/local/texlive/2023/texmf-dist/fonts/type1/public/amsfonts/cm/cmmi8.pfb></us
r/local/texlive/2023/texmf-dist/fonts/type1/public/amsfonts/cm/cmr10.pfb></usr/
local/texlive/2023/texmf-dist/fonts/type1/public/amsfonts/cm/cmr12.pfb></usr/lo
cal/texlive/2023/texmf-dist/fonts/type1/public/amsfonts/cm/cmr17.pfb></usr/loca
l/texlive/2023/texmf-dist/fonts/type1/public/amsfonts/cm/cmr6.pfb></usr/local/t
exlive/2023/texmf-dist/fonts/type1/public/amsfonts/cm/cmr8.pfb></usr/local/texl
ive/2023/texmf-dist/fonts/type1/public/amsfonts/cm/cmsy10.pfb></usr/local/texli
ve/2023/texmf-dist/fonts/type1/public/amsfonts/cm/cmsy6.pfb></usr/local/texlive
/2023/texmf-dist/fonts/type1/public/amsfonts/cm/cmsy8.pfb></usr/local/texlive/2
023/texmf-dist/fonts/type1/public/amsfonts/symbols/msbm10.pfb></usr/local/texli
ve/2023/texmf-dist/fonts/type1/public/cm-super/sfrm1200.pfb>
Output written on main.pdf (68 pages, 3294012 bytes).
PDF statistics:
 961 PDF objects out of 1000 (max. 8388607)
 817 compressed objects within 9 object streams
 213 named destinations out of 1000 (max. 500000)
 446 words of extra memory for PDF output out of 10000 (max. 10000000)

