\BOOKMARK [0][-]{chapter*.1}{\376\377\000C\000o\000n\000t\000e\000n\000t\000s}{}% 1
\BOOKMARK [0][-]{chapter.1}{\376\377\000I\000n\000t\000r\000o\000d\000u\000c\000t\000i\000o\000n}{}% 2
\BOOKMARK [1][-]{section.1.1}{\376\377\000M\000o\000t\000i\000v\000a\000t\000i\000o\000n}{chapter.1}% 3
\BOOKMARK [1][-]{section.1.2}{\376\377\000C\000o\000n\000t\000r\000i\000b\000u\000t\000i\000o\000n}{chapter.1}% 4
\BOOKMARK [1][-]{section.1.3}{\376\377\000T\000h\000e\000s\000i\000s\000\040\000O\000r\000g\000a\000n\000i\000z\000a\000t\000i\000o\000n}{chapter.1}% 5
\BOOKMARK [0][-]{chapter.2}{\376\377\000D\000e\000f\000i\000n\000i\000t\000i\000o\000n\000\040\000a\000n\000d\000\040\000L\000i\000t\000e\000r\000a\000t\000u\000r\000e\000\040\000R\000e\000v\000i\000e\000w}{}% 6
\BOOKMARK [1][-]{section.2.1}{\376\377\000D\000e\000f\000i\000n\000i\000t\000i\000o\000n}{chapter.2}% 7
\BOOKMARK [1][-]{section.2.2}{\376\377\000V\000a\000r\000i\000a\000t\000i\000o\000n\000a\000l\000\040\000I\000n\000f\000e\000r\000e\000n\000c\000e}{chapter.2}% 8
\BOOKMARK [2][-]{subsection.2.2.1}{\376\377\000M\000e\000a\000n\000\040\000F\000i\000e\000l\000d\000\040\000V\000a\000r\000i\000a\000t\000i\000o\000n\000a\000l\000\040\000B\000a\000y\000e\000s}{section.2.2}% 9
\BOOKMARK [1][-]{section.2.3}{\376\377\000E\000x\000p\000e\000c\000t\000a\000t\000i\000o\000n\000\040\000M\000a\000x\000i\000m\000i\000z\000a\000t\000i\000o\000n}{chapter.2}% 10
\BOOKMARK [2][-]{subsection.2.3.1}{\376\377\000B\000a\000y\000e\000s\000i\000a\000n\000\040\000E\000x\000p\000e\000c\000t\000a\000t\000i\000o\000n\000\040\000M\000a\000x\000i\000m\000i\000z\000a\000t\000i\000o\000n}{section.2.3}% 11
\BOOKMARK [1][-]{section.2.4}{\376\377\000M\000a\000r\000k\000o\000v\000\040\000C\000h\000a\000i\000n\000\040\000M\000o\000n\000t\000e\000\040\000C\000a\000r\000l\000o\000\050\000M\000C\000M\000C\000\051}{chapter.2}% 12
\BOOKMARK [2][-]{subsection.2.4.1}{\376\377\000G\000i\000b\000b\000s\000\040\000S\000a\000m\000p\000l\000e\000r}{section.2.4}% 13
\BOOKMARK [1][-]{section.2.5}{\376\377\000B\000a\000y\000e\000s\000i\000a\000n\000\040\000P\000a\000r\000a\000d\000i\000g\000m}{chapter.2}% 14
\BOOKMARK [1][-]{section.2.6}{\376\377\000L\000a\000s\000s\000o\000\040\000p\000e\000n\000a\000l\000i\000z\000e\000d\000\040\000r\000e\000g\000r\000e\000s\000s\000i\000o\000n}{chapter.2}% 15
\BOOKMARK [2][-]{subsection.2.6.1}{\376\377\000B\000a\000y\000e\000s\000i\000a\000n\000\040\000L\000a\000s\000s\000o\000\040\000r\000e\000g\000r\000e\000s\000s\000i\000o\000n}{section.2.6}% 16
\BOOKMARK [2][-]{subsection.2.6.2}{\376\377\000L\000a\000s\000s\000o\000\040\000p\000e\000n\000a\000l\000t\000y\000\040\000f\000o\000r\000m\000u\000l\000a\000t\000i\000o\000n}{section.2.6}% 17
\BOOKMARK [2][-]{subsection.2.6.3}{\376\377\000L\000a\000s\000s\000o\000\040\000d\000i\000s\000t\000r\000i\000b\000u\000t\000i\000o\000n}{section.2.6}% 18
\BOOKMARK [0][-]{chapter.3}{\376\377\000M\000e\000t\000h\000o\000d\000l\000o\000g\000y}{}% 19
\BOOKMARK [0][-]{chapter.4}{\376\377\000E\000x\000p\000e\000r\000i\000m\000e\000n\000t\000\040\000R\000e\000s\000u\000l\000t\000\040\000a\000n\000d\000\040\000A\000n\000a\000l\000y\000s\000i\000s}{}% 20
\BOOKMARK [0][-]{chapter.5}{\376\377\000C\000o\000n\000c\000l\000u\000s\000i\000o\000n}{}% 21
\BOOKMARK [0][-]{chapter.6}{\376\377\000L\000i\000m\000i\000t\000a\000t\000i\000o\000n\000\040\000a\000n\000d\000\040\000F\000u\000t\000u\000r\000e\000\040\000W\000o\000r\000k}{}% 22
\BOOKMARK [0][-]{chapter*.2}{\376\377\000B\000i\000b\000l\000i\000o\000g\000r\000a\000p\000h\000y}{}% 23
